2023-04-12T11:58:18.100457Z 0 [Warning] TIMESTAMP with implicit DEFAULT value is deprecated. Please use --explicit_defaults_for_timestamp server option (see documentation for more details).
2023-04-12T11:58:18.100457Z 0 [Warning] 'NO_ZERO_DATE', 'NO_ZERO_IN_DATE' and 'ERROR_FOR_DIVISION_BY_ZERO' sql modes should be used with strict mode. They will be merged with strict mode in a future release.
2023-04-12T11:58:18.100457Z 0 [Warning] 'NO_AUTO_CREATE_USER' sql mode was not set.
2023-04-12T11:58:18.100457Z 0 [Warning] Insecure configuration for --secure-file-priv: Current value does not restrict location of generated files. Consider setting it to a valid, non-empty path.
2023-04-12T11:58:18.100457Z 0 [Note] C:\Users\2019790\ScrumOverlords\UwAmp\bin\database\mysql-5.7.11\bin\mysqld.exe (mysqld 5.7.11) starting as process 11640 ...
2023-04-12T11:58:18.131700Z 0 [ERROR] Can't open shared library 'C:\Users\2019790\ScrumOverlords\UwAmp\bin\database\mysql-5.7.11\lib\plugin\keyring_file.dll' (errno: 126 Le module spécifié est introuvable.)
2023-04-12T11:58:18.131700Z 0 [ERROR] Couldn't load plugin named 'keyring_file' with soname 'keyring_file.dll'.
2023-04-12T11:58:18.131700Z 0 [Note] InnoDB: Mutexes and rw_locks use Windows interlocked functions
2023-04-12T11:58:18.131700Z 0 [Note] InnoDB: Uses event mutexes
2023-04-12T11:58:18.131700Z 0 [Note] InnoDB: Memory barrier is not used
2023-04-12T11:58:18.131700Z 0 [Note] InnoDB: Compressed tables use zlib 1.2.3
2023-04-12T11:58:18.131700Z 0 [Note] InnoDB: Number of pools: 1
2023-04-12T11:58:18.131700Z 0 [Note] InnoDB: Not using CPU crc32 instructions
2023-04-12T11:58:18.182887Z 0 [Note] InnoDB: Initializing buffer pool, total size = 128M, instances = 1, chunk size = 128M
2023-04-12T11:58:18.182887Z 0 [Note] InnoDB: Completed initialization of buffer pool
2023-04-12T11:58:18.261025Z 0 [Note] InnoDB: Highest supported file format is Barracuda.
2023-04-12T11:58:18.262463Z 0 [Note] InnoDB: Log scan progressed past the checkpoint lsn 2603048
2023-04-12T11:58:18.263430Z 0 [Note] InnoDB: Doing recovery: scanned up to log sequence number 2603057
2023-04-12T11:58:18.264458Z 0 [Note] InnoDB: Doing recovery: scanned up to log sequence number 2603057
2023-04-12T11:58:18.265455Z 0 [Note] InnoDB: Database was not shutdown normally!
2023-04-12T11:58:18.265455Z 0 [Note] InnoDB: Starting crash recovery.
2023-04-12T11:58:18.650708Z 0 [Note] InnoDB: Removed temporary tablespace data file: "ibtmp1"
2023-04-12T11:58:18.651705Z 0 [Note] InnoDB: Creating shared tablespace for temporary tables
2023-04-12T11:58:18.652731Z 0 [Note] InnoDB: Setting file '.\ibtmp1' size to 12 MB. Physically writing the file full; Please wait ...
2023-04-12T11:58:18.666690Z 0 [Note] InnoDB: File '.\ibtmp1' size is now 12 MB.
2023-04-12T11:58:18.675640Z 0 [Note] InnoDB: 96 redo rollback segment(s) found. 96 redo rollback segment(s) are active.
2023-04-12T11:58:18.675640Z 0 [Note] InnoDB: 32 non-redo rollback segment(s) are active.
2023-04-12T11:58:18.677635Z 0 [Note] InnoDB: Waiting for purge to start
2023-04-12T11:58:18.735286Z 0 [Note] InnoDB: 5.7.11 started; log sequence number 2603057
2023-04-12T11:58:18.736254Z 0 [Note] InnoDB: Loading buffer pool(s) from C:\Users\2019790\ScrumOverlords\UwAmp\bin\database\mysql-5.7.11\data\ib_buffer_pool
2023-04-12T11:58:18.736254Z 0 [Note] Plugin 'FEDERATED' is disabled.
2023-04-12T11:58:18.760190Z 0 [Note] InnoDB: Buffer pool(s) load completed at 230412  7:58:18
2023-04-12T11:58:18.764180Z 0 [Warning] Failed to set up SSL because of the following SSL library error: SSL context is not usable without certificate and private key
2023-04-12T11:58:18.768169Z 0 [Note] Server hostname (bind-address): '*'; port: 3306
2023-04-12T11:58:18.769167Z 0 [Note] IPv6 is available.
2023-04-12T11:58:18.769167Z 0 [Note]   - '::' resolves to '::';
2023-04-12T11:58:18.769167Z 0 [Note] Server socket created on IP: '::'.
2023-04-12T11:58:19.452428Z 0 [Note] Event Scheduler: Loaded 0 events
2023-04-12T11:58:19.453418Z 0 [Note] C:\Users\2019790\ScrumOverlords\UwAmp\bin\database\mysql-5.7.11\bin\mysqld.exe: ready for connections.
Version: '5.7.11'  socket: ''  port: 3306  MySQL Community Server (GPL)
2023-04-12T12:29:07.539537Z 2 [Note] Access denied for user '2019790'@'localhost' (using password: NO)
2023-04-12T12:29:07.605539Z 3 [Note] Access denied for user '2019790'@'localhost' (using password: NO)
