2023-04-14T18:47:26.554019Z 0 [Warning] TIMESTAMP with implicit DEFAULT value is deprecated. Please use --explicit_defaults_for_timestamp server option (see documentation for more details).
2023-04-14T18:47:26.554019Z 0 [Warning] 'NO_ZERO_DATE', 'NO_ZERO_IN_DATE' and 'ERROR_FOR_DIVISION_BY_ZERO' sql modes should be used with strict mode. They will be merged with strict mode in a future release.
2023-04-14T18:47:26.554019Z 0 [Warning] 'NO_AUTO_CREATE_USER' sql mode was not set.
2023-04-14T18:47:26.554019Z 0 [Warning] Insecure configuration for --secure-file-priv: Current value does not restrict location of generated files. Consider setting it to a valid, non-empty path.
2023-04-14T18:47:26.554019Z 0 [Note] F:\ScrumOverlords\UwAmp\bin\database\mysql-5.7.11\bin\mysqld.exe (mysqld 5.7.11) starting as process 18212 ...
2023-04-14T18:47:26.569638Z 0 [ERROR] Can't open shared library 'F:\ScrumOverlords\UwAmp\bin\database\mysql-5.7.11\lib\plugin\keyring_file.dll' (errno: 126 Le module spécifié est introuvable.)
2023-04-14T18:47:26.569638Z 0 [ERROR] Couldn't load plugin named 'keyring_file' with soname 'keyring_file.dll'.
2023-04-14T18:47:26.569638Z 0 [Note] InnoDB: Mutexes and rw_locks use Windows interlocked functions
2023-04-14T18:47:26.569638Z 0 [Note] InnoDB: Uses event mutexes
2023-04-14T18:47:26.569638Z 0 [Note] InnoDB: Memory barrier is not used
2023-04-14T18:47:26.585259Z 0 [Note] InnoDB: Compressed tables use zlib 1.2.3
2023-04-14T18:47:26.585259Z 0 [Note] InnoDB: Number of pools: 1
2023-04-14T18:47:26.585259Z 0 [Note] InnoDB: Not using CPU crc32 instructions
2023-04-14T18:47:26.623091Z 0 [Note] InnoDB: Initializing buffer pool, total size = 128M, instances = 1, chunk size = 128M
2023-04-14T18:47:26.635217Z 0 [Note] InnoDB: Completed initialization of buffer pool
2023-04-14T18:47:26.671662Z 0 [Note] InnoDB: Highest supported file format is Barracuda.
2023-04-14T18:47:26.673704Z 0 [Note] InnoDB: Log scan progressed past the checkpoint lsn 2603076
2023-04-14T18:47:26.673704Z 0 [Note] InnoDB: Doing recovery: scanned up to log sequence number 2603085
2023-04-14T18:47:26.673704Z 0 [Note] InnoDB: Doing recovery: scanned up to log sequence number 2603085
2023-04-14T18:47:26.673704Z 0 [Note] InnoDB: Database was not shutdown normally!
2023-04-14T18:47:26.673704Z 0 [Note] InnoDB: Starting crash recovery.
2023-04-14T18:47:26.875710Z 0 [Note] InnoDB: Removed temporary tablespace data file: "ibtmp1"
2023-04-14T18:47:26.875710Z 0 [Note] InnoDB: Creating shared tablespace for temporary tables
2023-04-14T18:47:26.875710Z 0 [Note] InnoDB: Setting file '.\ibtmp1' size to 12 MB. Physically writing the file full; Please wait ...
2023-04-14T18:47:26.895816Z 0 [Note] InnoDB: File '.\ibtmp1' size is now 12 MB.
2023-04-14T18:47:26.905843Z 0 [Note] InnoDB: 96 redo rollback segment(s) found. 96 redo rollback segment(s) are active.
2023-04-14T18:47:26.905843Z 0 [Note] InnoDB: 32 non-redo rollback segment(s) are active.
2023-04-14T18:47:26.915883Z 0 [Note] InnoDB: 5.7.11 started; log sequence number 2603085
2023-04-14T18:47:26.915883Z 0 [Note] InnoDB: Loading buffer pool(s) from F:\ScrumOverlords\UwAmp\bin\database\mysql-5.7.11\data\ib_buffer_pool
2023-04-14T18:47:26.915883Z 0 [Note] Plugin 'FEDERATED' is disabled.
2023-04-14T18:47:26.923899Z 0 [Warning] Failed to set up SSL because of the following SSL library error: SSL context is not usable without certificate and private key
2023-04-14T18:47:26.925913Z 0 [Note] Server hostname (bind-address): '*'; port: 3306
2023-04-14T18:47:26.925913Z 0 [Note] IPv6 is available.
2023-04-14T18:47:26.925913Z 0 [Note]   - '::' resolves to '::';
2023-04-14T18:47:26.925913Z 0 [Note] Server socket created on IP: '::'.
2023-04-14T18:47:26.941152Z 0 [Note] InnoDB: Buffer pool(s) load completed at 230414 14:47:26
2023-04-14T18:47:26.969078Z 0 [Note] Event Scheduler: Loaded 0 events
2023-04-14T18:47:26.970075Z 0 [Note] F:\ScrumOverlords\UwAmp\bin\database\mysql-5.7.11\bin\mysqld.exe: ready for connections.
Version: '5.7.11'  socket: ''  port: 3306  MySQL Community Server (GPL)
2023-04-14T18:47:53.114472Z 0 [Note] F:\ScrumOverlords\UwAmp\bin\database\mysql-5.7.11\bin\mysqld.exe: Normal shutdown

2023-04-14T18:47:53.114472Z 0 [Note] Giving 0 client threads a chance to die gracefully
2023-04-14T18:47:53.114472Z 0 [Note] Shutting down slave threads
2023-04-14T18:47:53.114472Z 0 [Note] Forcefully disconnecting 0 remaining clients
2023-04-14T18:47:53.114472Z 0 [Note] Event Scheduler: Purging the queue. 0 events
2023-04-14T18:47:53.122519Z 0 [Note] Binlog end
2023-04-14T18:47:53.122519Z 0 [Note] Shutting down plugin 'ngram'
2023-04-14T18:47:53.122519Z 0 [Note] Shutting down plugin 'partition'
2023-04-14T18:47:53.122519Z 0 [Note] Shutting down plugin 'BLACKHOLE'
2023-04-14T18:47:53.122519Z 0 [Note] Shutting down plugin 'ARCHIVE'
2023-04-14T18:47:53.122519Z 0 [Note] Shutting down plugin 'PERFORMANCE_SCHEMA'
2023-04-14T18:47:53.122519Z 0 [Note] Shutting down plugin 'MRG_MYISAM'
2023-04-14T18:47:53.122519Z 0 [Note] Shutting down plugin 'MyISAM'
2023-04-14T18:47:53.122519Z 0 [Note] Shutting down plugin 'INNODB_SYS_VIRTUAL'
2023-04-14T18:47:53.122519Z 0 [Note] Shutting down plugin 'INNODB_SYS_DATAFILES'
2023-04-14T18:47:53.122519Z 0 [Note] Shutting down plugin 'INNODB_SYS_TABLESPACES'
2023-04-14T18:47:53.122519Z 0 [Note] Shutting down plugin 'INNODB_SYS_FOREIGN_COLS'
2023-04-14T18:47:53.132585Z 0 [Note] Shutting down plugin 'INNODB_SYS_FOREIGN'
2023-04-14T18:47:53.132585Z 0 [Note] Shutting down plugin 'INNODB_SYS_FIELDS'
2023-04-14T18:47:53.132585Z 0 [Note] Shutting down plugin 'INNODB_SYS_COLUMNS'
2023-04-14T18:47:53.132585Z 0 [Note] Shutting down plugin 'INNODB_SYS_INDEXES'
2023-04-14T18:47:53.134629Z 0 [Note] Shutting down plugin 'INNODB_SYS_TABLESTATS'
2023-04-14T18:47:53.134629Z 0 [Note] Shutting down plugin 'INNODB_SYS_TABLES'
2023-04-14T18:47:53.134629Z 0 [Note] Shutting down plugin 'INNODB_FT_INDEX_TABLE'
2023-04-14T18:47:53.134629Z 0 [Note] Shutting down plugin 'INNODB_FT_INDEX_CACHE'
2023-04-14T18:47:53.134629Z 0 [Note] Shutting down plugin 'INNODB_FT_CONFIG'
2023-04-14T18:47:53.134629Z 0 [Note] Shutting down plugin 'INNODB_FT_BEING_DELETED'
2023-04-14T18:47:53.134629Z 0 [Note] Shutting down plugin 'INNODB_FT_DELETED'
2023-04-14T18:47:53.134629Z 0 [Note] Shutting down plugin 'INNODB_FT_DEFAULT_STOPWORD'
2023-04-14T18:47:53.134629Z 0 [Note] Shutting down plugin 'INNODB_METRICS'
2023-04-14T18:47:53.134629Z 0 [Note] Shutting down plugin 'INNODB_TEMP_TABLE_INFO'
2023-04-14T18:47:53.134629Z 0 [Note] Shutting down plugin 'INNODB_BUFFER_POOL_STATS'
2023-04-14T18:47:53.134629Z 0 [Note] Shutting down plugin 'INNODB_BUFFER_PAGE_LRU'
2023-04-14T18:47:53.134629Z 0 [Note] Shutting down plugin 'INNODB_BUFFER_PAGE'
2023-04-14T18:47:53.142738Z 0 [Note] Shutting down plugin 'INNODB_CMP_PER_INDEX_RESET'
2023-04-14T18:47:53.142738Z 0 [Note] Shutting down plugin 'INNODB_CMP_PER_INDEX'
2023-04-14T18:47:53.142738Z 0 [Note] Shutting down plugin 'INNODB_CMPMEM_RESET'
2023-04-14T18:47:53.142738Z 0 [Note] Shutting down plugin 'INNODB_CMPMEM'
2023-04-14T18:47:53.144814Z 0 [Note] Shutting down plugin 'INNODB_CMP_RESET'
2023-04-14T18:47:53.144814Z 0 [Note] Shutting down plugin 'INNODB_CMP'
2023-04-14T18:47:53.144814Z 0 [Note] Shutting down plugin 'INNODB_LOCK_WAITS'
2023-04-14T18:47:53.144814Z 0 [Note] Shutting down plugin 'INNODB_LOCKS'
2023-04-14T18:47:53.144814Z 0 [Note] Shutting down plugin 'INNODB_TRX'
2023-04-14T18:47:53.144814Z 0 [Note] Shutting down plugin 'InnoDB'
2023-04-14T18:47:53.144814Z 0 [Note] InnoDB: FTS optimize thread exiting.
2023-04-14T18:47:53.144814Z 0 [Note] InnoDB: Starting shutdown...
2023-04-14T18:47:53.260164Z 0 [Note] InnoDB: Dumping buffer pool(s) to F:\ScrumOverlords\UwAmp\bin\database\mysql-5.7.11\data\ib_buffer_pool
2023-04-14T18:47:53.275520Z 0 [Note] InnoDB: Buffer pool(s) dump completed at 230414 14:47:53
2023-04-14T18:47:54.277360Z 0 [Note] InnoDB: Shutdown completed; log sequence number 2603113
2023-04-14T18:47:54.277360Z 0 [Note] InnoDB: Removed temporary tablespace data file: "ibtmp1"
2023-04-14T18:47:54.277360Z 0 [Note] Shutting down plugin 'MEMORY'
2023-04-14T18:47:54.277360Z 0 [Note] Shutting down plugin 'CSV'
2023-04-14T18:47:54.277360Z 0 [Note] Shutting down plugin 'sha256_password'
2023-04-14T18:47:54.277360Z 0 [Note] Shutting down plugin 'mysql_native_password'
2023-04-14T18:47:54.277360Z 0 [Note] Shutting down plugin 'binlog'
2023-04-14T18:47:54.277360Z 0 [Note] F:\ScrumOverlords\UwAmp\bin\database\mysql-5.7.11\bin\mysqld.exe: Shutdown complete

2023-04-14T18:47:55.533280Z 0 [Warning] TIMESTAMP with implicit DEFAULT value is deprecated. Please use --explicit_defaults_for_timestamp server option (see documentation for more details).
2023-04-14T18:47:55.533280Z 0 [Warning] 'NO_ZERO_DATE', 'NO_ZERO_IN_DATE' and 'ERROR_FOR_DIVISION_BY_ZERO' sql modes should be used with strict mode. They will be merged with strict mode in a future release.
2023-04-14T18:47:55.533280Z 0 [Warning] 'NO_AUTO_CREATE_USER' sql mode was not set.
2023-04-14T18:47:55.533280Z 0 [Warning] Insecure configuration for --secure-file-priv: Current value does not restrict location of generated files. Consider setting it to a valid, non-empty path.
2023-04-14T18:47:55.533280Z 0 [Note] F:\ScrumOverlords\UwAmp\bin\database\mysql-5.7.11\bin\mysqld.exe (mysqld 5.7.11) starting as process 8904 ...
2023-04-14T18:47:55.544251Z 0 [ERROR] Can't open shared library 'F:\ScrumOverlords\UwAmp\bin\database\mysql-5.7.11\lib\plugin\keyring_file.dll' (errno: 126 Le module spécifié est introuvable.)
2023-04-14T18:47:55.545249Z 0 [ERROR] Couldn't load plugin named 'keyring_file' with soname 'keyring_file.dll'.
2023-04-14T18:47:55.546270Z 0 [Note] InnoDB: Mutexes and rw_locks use Windows interlocked functions
2023-04-14T18:47:55.547274Z 0 [Note] InnoDB: Uses event mutexes
2023-04-14T18:47:55.548240Z 0 [Note] InnoDB: Memory barrier is not used
2023-04-14T18:47:55.548240Z 0 [Note] InnoDB: Compressed tables use zlib 1.2.3
2023-04-14T18:47:55.549264Z 0 [Note] InnoDB: Number of pools: 1
2023-04-14T18:47:55.550260Z 0 [Note] InnoDB: Not using CPU crc32 instructions
2023-04-14T18:47:55.588215Z 0 [Note] InnoDB: Initializing buffer pool, total size = 128M, instances = 1, chunk size = 128M
2023-04-14T18:47:55.597055Z 0 [Note] InnoDB: Completed initialization of buffer pool
2023-04-14T18:47:55.640967Z 0 [Note] InnoDB: Highest supported file format is Barracuda.
2023-04-14T18:47:55.705823Z 0 [Note] InnoDB: Creating shared tablespace for temporary tables
2023-04-14T18:47:55.705823Z 0 [Note] InnoDB: Setting file '.\ibtmp1' size to 12 MB. Physically writing the file full; Please wait ...
2023-04-14T18:47:55.721444Z 0 [Note] InnoDB: File '.\ibtmp1' size is now 12 MB.
2023-04-14T18:47:55.737065Z 0 [Note] InnoDB: 96 redo rollback segment(s) found. 96 redo rollback segment(s) are active.
2023-04-14T18:47:55.737065Z 0 [Note] InnoDB: 32 non-redo rollback segment(s) are active.
2023-04-14T18:47:55.737065Z 0 [Note] InnoDB: 5.7.11 started; log sequence number 2603113
2023-04-14T18:47:55.737065Z 0 [Note] InnoDB: Loading buffer pool(s) from F:\ScrumOverlords\UwAmp\bin\database\mysql-5.7.11\data\ib_buffer_pool
2023-04-14T18:47:55.737065Z 0 [Note] Plugin 'FEDERATED' is disabled.
2023-04-14T18:47:55.737065Z 0 [Warning] Failed to set up SSL because of the following SSL library error: SSL context is not usable without certificate and private key
2023-04-14T18:47:55.752687Z 0 [Note] Server hostname (bind-address): '*'; port: 3306
2023-04-14T18:47:55.754194Z 0 [Note] IPv6 is available.
2023-04-14T18:47:55.754194Z 0 [Note]   - '::' resolves to '::';
2023-04-14T18:47:55.754194Z 0 [Note] Server socket created on IP: '::'.
2023-04-14T18:47:55.769818Z 0 [Note] InnoDB: Buffer pool(s) load completed at 230414 14:47:55
2023-04-14T18:47:55.785439Z 0 [Note] Event Scheduler: Loaded 0 events
2023-04-14T18:47:55.785439Z 0 [Note] F:\ScrumOverlords\UwAmp\bin\database\mysql-5.7.11\bin\mysqld.exe: ready for connections.
Version: '5.7.11'  socket: ''  port: 3306  MySQL Community Server (GPL)
2023-04-14T18:47:58.603819Z 0 [Note] F:\ScrumOverlords\UwAmp\bin\database\mysql-5.7.11\bin\mysqld.exe: Normal shutdown

2023-04-14T18:47:58.603819Z 0 [Note] Giving 0 client threads a chance to die gracefully
2023-04-14T18:47:58.603819Z 0 [Note] Shutting down slave threads
2023-04-14T18:47:58.603819Z 0 [Note] Forcefully disconnecting 0 remaining clients
2023-04-14T18:47:58.603819Z 0 [Note] Event Scheduler: Purging the queue. 0 events
2023-04-14T18:47:58.603819Z 0 [Note] Binlog end
2023-04-14T18:47:58.603819Z 0 [Note] Shutting down plugin 'ngram'
2023-04-14T18:47:58.603819Z 0 [Note] Shutting down plugin 'partition'
2023-04-14T18:47:58.603819Z 0 [Note] Shutting down plugin 'BLACKHOLE'
2023-04-14T18:47:58.603819Z 0 [Note] Shutting down plugin 'ARCHIVE'
2023-04-14T18:47:58.603819Z 0 [Note] Shutting down plugin 'PERFORMANCE_SCHEMA'
2023-04-14T18:47:58.603819Z 0 [Note] Shutting down plugin 'MRG_MYISAM'
2023-04-14T18:47:58.603819Z 0 [Note] Shutting down plugin 'MyISAM'
2023-04-14T18:47:58.603819Z 0 [Note] Shutting down plugin 'INNODB_SYS_VIRTUAL'
2023-04-14T18:47:58.603819Z 0 [Note] Shutting down plugin 'INNODB_SYS_DATAFILES'
2023-04-14T18:47:58.603819Z 0 [Note] Shutting down plugin 'INNODB_SYS_TABLESPACES'
2023-04-14T18:47:58.603819Z 0 [Note] Shutting down plugin 'INNODB_SYS_FOREIGN_COLS'
2023-04-14T18:47:58.603819Z 0 [Note] Shutting down plugin 'INNODB_SYS_FOREIGN'
2023-04-14T18:47:58.603819Z 0 [Note] Shutting down plugin 'INNODB_SYS_FIELDS'
2023-04-14T18:47:58.619441Z 0 [Note] Shutting down plugin 'INNODB_SYS_COLUMNS'
2023-04-14T18:47:58.619441Z 0 [Note] Shutting down plugin 'INNODB_SYS_INDEXES'
2023-04-14T18:47:58.619441Z 0 [Note] Shutting down plugin 'INNODB_SYS_TABLESTATS'
2023-04-14T18:47:58.619441Z 0 [Note] Shutting down plugin 'INNODB_SYS_TABLES'
2023-04-14T18:47:58.619441Z 0 [Note] Shutting down plugin 'INNODB_FT_INDEX_TABLE'
2023-04-14T18:47:58.619441Z 0 [Note] Shutting down plugin 'INNODB_FT_INDEX_CACHE'
2023-04-14T18:47:58.619441Z 0 [Note] Shutting down plugin 'INNODB_FT_CONFIG'
2023-04-14T18:47:58.619441Z 0 [Note] Shutting down plugin 'INNODB_FT_BEING_DELETED'
2023-04-14T18:47:58.619441Z 0 [Note] Shutting down plugin 'INNODB_FT_DELETED'
2023-04-14T18:47:58.619441Z 0 [Note] Shutting down plugin 'INNODB_FT_DEFAULT_STOPWORD'
2023-04-14T18:47:58.619441Z 0 [Note] Shutting down plugin 'INNODB_METRICS'
2023-04-14T18:47:58.619441Z 0 [Note] Shutting down plugin 'INNODB_TEMP_TABLE_INFO'
2023-04-14T18:47:58.619441Z 0 [Note] Shutting down plugin 'INNODB_BUFFER_POOL_STATS'
2023-04-14T18:47:58.619441Z 0 [Note] Shutting down plugin 'INNODB_BUFFER_PAGE_LRU'
2023-04-14T18:47:58.619441Z 0 [Note] Shutting down plugin 'INNODB_BUFFER_PAGE'
2023-04-14T18:47:58.619441Z 0 [Note] Shutting down plugin 'INNODB_CMP_PER_INDEX_RESET'
2023-04-14T18:47:58.619441Z 0 [Note] Shutting down plugin 'INNODB_CMP_PER_INDEX'
2023-04-14T18:47:58.619441Z 0 [Note] Shutting down plugin 'INNODB_CMPMEM_RESET'
2023-04-14T18:47:58.619441Z 0 [Note] Shutting down plugin 'INNODB_CMPMEM'
2023-04-14T18:47:58.619441Z 0 [Note] Shutting down plugin 'INNODB_CMP_RESET'
2023-04-14T18:47:58.619441Z 0 [Note] Shutting down plugin 'INNODB_CMP'
2023-04-14T18:47:58.619441Z 0 [Note] Shutting down plugin 'INNODB_LOCK_WAITS'
2023-04-14T18:47:58.619441Z 0 [Note] Shutting down plugin 'INNODB_LOCKS'
2023-04-14T18:47:58.619441Z 0 [Note] Shutting down plugin 'INNODB_TRX'
2023-04-14T18:47:58.619441Z 0 [Note] Shutting down plugin 'InnoDB'
2023-04-14T18:47:58.619441Z 0 [Note] InnoDB: FTS optimize thread exiting.
2023-04-14T18:47:58.619441Z 0 [Note] InnoDB: Starting shutdown...
2023-04-14T18:47:58.735726Z 0 [Note] InnoDB: Dumping buffer pool(s) to F:\ScrumOverlords\UwAmp\bin\database\mysql-5.7.11\data\ib_buffer_pool
2023-04-14T18:47:58.763442Z 0 [Note] InnoDB: Buffer pool(s) dump completed at 230414 14:47:58
2023-04-14T18:47:59.931521Z 0 [Note] InnoDB: Shutdown completed; log sequence number 2603141
2023-04-14T18:47:59.946946Z 0 [Note] InnoDB: Removed temporary tablespace data file: "ibtmp1"
2023-04-14T18:47:59.946946Z 0 [Note] Shutting down plugin 'MEMORY'
2023-04-14T18:47:59.946946Z 0 [Note] Shutting down plugin 'CSV'
2023-04-14T18:47:59.946946Z 0 [Note] Shutting down plugin 'sha256_password'
2023-04-14T18:47:59.946946Z 0 [Note] Shutting down plugin 'mysql_native_password'
2023-04-14T18:47:59.946946Z 0 [Note] Shutting down plugin 'binlog'
2023-04-14T18:47:59.946946Z 0 [Note] F:\ScrumOverlords\UwAmp\bin\database\mysql-5.7.11\bin\mysqld.exe: Shutdown complete

2023-04-14T18:48:00.619198Z 0 [Warning] TIMESTAMP with implicit DEFAULT value is deprecated. Please use --explicit_defaults_for_timestamp server option (see documentation for more details).
2023-04-14T18:48:00.619198Z 0 [Warning] 'NO_ZERO_DATE', 'NO_ZERO_IN_DATE' and 'ERROR_FOR_DIVISION_BY_ZERO' sql modes should be used with strict mode. They will be merged with strict mode in a future release.
2023-04-14T18:48:00.619198Z 0 [Warning] 'NO_AUTO_CREATE_USER' sql mode was not set.
2023-04-14T18:48:00.619198Z 0 [Warning] Insecure configuration for --secure-file-priv: Current value does not restrict location of generated files. Consider setting it to a valid, non-empty path.
2023-04-14T18:48:00.619198Z 0 [Note] F:\ScrumOverlords\UwAmp\bin\database\mysql-5.7.11\bin\mysqld.exe (mysqld 5.7.11) starting as process 9224 ...
2023-04-14T18:48:00.641642Z 0 [ERROR] Can't open shared library 'F:\ScrumOverlords\UwAmp\bin\database\mysql-5.7.11\lib\plugin\keyring_file.dll' (errno: 126 Le module spécifié est introuvable.)
2023-04-14T18:48:00.643629Z 0 [ERROR] Couldn't load plugin named 'keyring_file' with soname 'keyring_file.dll'.
2023-04-14T18:48:00.645623Z 0 [Note] InnoDB: Mutexes and rw_locks use Windows interlocked functions
2023-04-14T18:48:00.647619Z 0 [Note] InnoDB: Uses event mutexes
2023-04-14T18:48:00.647619Z 0 [Note] InnoDB: Memory barrier is not used
2023-04-14T18:48:00.648618Z 0 [Note] InnoDB: Compressed tables use zlib 1.2.3
2023-04-14T18:48:00.650610Z 0 [Note] InnoDB: Number of pools: 1
2023-04-14T18:48:00.651607Z 0 [Note] InnoDB: Not using CPU crc32 instructions
2023-04-14T18:48:00.697971Z 0 [Note] InnoDB: Initializing buffer pool, total size = 128M, instances = 1, chunk size = 128M
2023-04-14T18:48:00.699023Z 0 [Note] InnoDB: Completed initialization of buffer pool
2023-04-14T18:48:00.732832Z 0 [Note] InnoDB: Highest supported file format is Barracuda.
2023-04-14T18:48:00.810938Z 0 [Note] InnoDB: Creating shared tablespace for temporary tables
2023-04-14T18:48:00.810938Z 0 [Note] InnoDB: Setting file '.\ibtmp1' size to 12 MB. Physically writing the file full; Please wait ...
2023-04-14T18:48:00.829618Z 0 [Note] InnoDB: File '.\ibtmp1' size is now 12 MB.
2023-04-14T18:48:00.839659Z 0 [Note] InnoDB: 96 redo rollback segment(s) found. 96 redo rollback segment(s) are active.
2023-04-14T18:48:00.839659Z 0 [Note] InnoDB: 32 non-redo rollback segment(s) are active.
2023-04-14T18:48:00.839659Z 0 [Note] InnoDB: 5.7.11 started; log sequence number 2603141
2023-04-14T18:48:00.847875Z 0 [Note] InnoDB: Loading buffer pool(s) from F:\ScrumOverlords\UwAmp\bin\database\mysql-5.7.11\data\ib_buffer_pool
2023-04-14T18:48:00.847875Z 0 [Note] Plugin 'FEDERATED' is disabled.
2023-04-14T18:48:00.854856Z 0 [Warning] Failed to set up SSL because of the following SSL library error: SSL context is not usable without certificate and private key
2023-04-14T18:48:00.857848Z 0 [Note] Server hostname (bind-address): '*'; port: 3306
2023-04-14T18:48:00.858846Z 0 [Note] IPv6 is available.
2023-04-14T18:48:00.859843Z 0 [Note]   - '::' resolves to '::';
2023-04-14T18:48:00.859843Z 0 [Note] Server socket created on IP: '::'.
2023-04-14T18:48:00.870814Z 0 [Note] InnoDB: Buffer pool(s) load completed at 230414 14:48:00
2023-04-14T18:48:00.890760Z 0 [Note] Event Scheduler: Loaded 0 events
2023-04-14T18:48:00.891758Z 0 [Note] F:\ScrumOverlords\UwAmp\bin\database\mysql-5.7.11\bin\mysqld.exe: ready for connections.
Version: '5.7.11'  socket: ''  port: 3306  MySQL Community Server (GPL)
2023-04-14T18:48:25.042722Z 0 [Note] F:\ScrumOverlords\UwAmp\bin\database\mysql-5.7.11\bin\mysqld.exe: Normal shutdown

2023-04-14T18:48:25.042722Z 0 [Note] Giving 0 client threads a chance to die gracefully
2023-04-14T18:48:25.042722Z 0 [Note] Shutting down slave threads
2023-04-14T18:48:25.042722Z 0 [Note] Forcefully disconnecting 0 remaining clients
2023-04-14T18:48:25.042722Z 0 [Note] Event Scheduler: Purging the queue. 0 events
2023-04-14T18:48:25.042722Z 0 [Note] Binlog end
2023-04-14T18:48:25.042722Z 0 [Note] Shutting down plugin 'ngram'
2023-04-14T18:48:25.042722Z 0 [Note] Shutting down plugin 'partition'
2023-04-14T18:48:25.042722Z 0 [Note] Shutting down plugin 'BLACKHOLE'
2023-04-14T18:48:25.042722Z 0 [Note] Shutting down plugin 'ARCHIVE'
2023-04-14T18:48:25.042722Z 0 [Note] Shutting down plugin 'PERFORMANCE_SCHEMA'
2023-04-14T18:48:25.042722Z 0 [Note] Shutting down plugin 'MRG_MYISAM'
2023-04-14T18:48:25.042722Z 0 [Note] Shutting down plugin 'MyISAM'
2023-04-14T18:48:25.042722Z 0 [Note] Shutting down plugin 'INNODB_SYS_VIRTUAL'
2023-04-14T18:48:25.042722Z 0 [Note] Shutting down plugin 'INNODB_SYS_DATAFILES'
2023-04-14T18:48:25.042722Z 0 [Note] Shutting down plugin 'INNODB_SYS_TABLESPACES'
2023-04-14T18:48:25.042722Z 0 [Note] Shutting down plugin 'INNODB_SYS_FOREIGN_COLS'
2023-04-14T18:48:25.042722Z 0 [Note] Shutting down plugin 'INNODB_SYS_FOREIGN'
2023-04-14T18:48:25.042722Z 0 [Note] Shutting down plugin 'INNODB_SYS_FIELDS'
2023-04-14T18:48:25.058352Z 0 [Note] Shutting down plugin 'INNODB_SYS_COLUMNS'
2023-04-14T18:48:25.058352Z 0 [Note] Shutting down plugin 'INNODB_SYS_INDEXES'
2023-04-14T18:48:25.058352Z 0 [Note] Shutting down plugin 'INNODB_SYS_TABLESTATS'
2023-04-14T18:48:25.058352Z 0 [Note] Shutting down plugin 'INNODB_SYS_TABLES'
2023-04-14T18:48:25.058352Z 0 [Note] Shutting down plugin 'INNODB_FT_INDEX_TABLE'
2023-04-14T18:48:25.058352Z 0 [Note] Shutting down plugin 'INNODB_FT_INDEX_CACHE'
2023-04-14T18:48:25.058352Z 0 [Note] Shutting down plugin 'INNODB_FT_CONFIG'
2023-04-14T18:48:25.058352Z 0 [Note] Shutting down plugin 'INNODB_FT_BEING_DELETED'
2023-04-14T18:48:25.058352Z 0 [Note] Shutting down plugin 'INNODB_FT_DELETED'
2023-04-14T18:48:25.058352Z 0 [Note] Shutting down plugin 'INNODB_FT_DEFAULT_STOPWORD'
2023-04-14T18:48:25.058352Z 0 [Note] Shutting down plugin 'INNODB_METRICS'
2023-04-14T18:48:25.058352Z 0 [Note] Shutting down plugin 'INNODB_TEMP_TABLE_INFO'
2023-04-14T18:48:25.058352Z 0 [Note] Shutting down plugin 'INNODB_BUFFER_POOL_STATS'
2023-04-14T18:48:25.058352Z 0 [Note] Shutting down plugin 'INNODB_BUFFER_PAGE_LRU'
2023-04-14T18:48:25.058352Z 0 [Note] Shutting down plugin 'INNODB_BUFFER_PAGE'
2023-04-14T18:48:25.058352Z 0 [Note] Shutting down plugin 'INNODB_CMP_PER_INDEX_RESET'
2023-04-14T18:48:25.058352Z 0 [Note] Shutting down plugin 'INNODB_CMP_PER_INDEX'
2023-04-14T18:48:25.058352Z 0 [Note] Shutting down plugin 'INNODB_CMPMEM_RESET'
2023-04-14T18:48:25.058352Z 0 [Note] Shutting down plugin 'INNODB_CMPMEM'
2023-04-14T18:48:25.058352Z 0 [Note] Shutting down plugin 'INNODB_CMP_RESET'
2023-04-14T18:48:25.058352Z 0 [Note] Shutting down plugin 'INNODB_CMP'
2023-04-14T18:48:25.058352Z 0 [Note] Shutting down plugin 'INNODB_LOCK_WAITS'
2023-04-14T18:48:25.058352Z 0 [Note] Shutting down plugin 'INNODB_LOCKS'
2023-04-14T18:48:25.058352Z 0 [Note] Shutting down plugin 'INNODB_TRX'
2023-04-14T18:48:25.058352Z 0 [Note] Shutting down plugin 'InnoDB'
2023-04-14T18:48:25.058352Z 0 [Note] InnoDB: FTS optimize thread exiting.
2023-04-14T18:48:25.073941Z 0 [Note] InnoDB: Starting shutdown...
2023-04-14T18:48:25.183350Z 0 [Note] InnoDB: Dumping buffer pool(s) to F:\ScrumOverlords\UwAmp\bin\database\mysql-5.7.11\data\ib_buffer_pool
2023-04-14T18:48:25.198914Z 0 [Note] InnoDB: Buffer pool(s) dump completed at 230414 14:48:25
2023-04-14T18:48:26.557649Z 0 [Note] InnoDB: Shutdown completed; log sequence number 2603169
2023-04-14T18:48:26.557649Z 0 [Note] InnoDB: Removed temporary tablespace data file: "ibtmp1"
2023-04-14T18:48:26.572942Z 0 [Note] Shutting down plugin 'MEMORY'
2023-04-14T18:48:26.572942Z 0 [Note] Shutting down plugin 'CSV'
2023-04-14T18:48:26.572942Z 0 [Note] Shutting down plugin 'sha256_password'
2023-04-14T18:48:26.572942Z 0 [Note] Shutting down plugin 'mysql_native_password'
2023-04-14T18:48:26.572942Z 0 [Note] Shutting down plugin 'binlog'
2023-04-14T18:48:26.572942Z 0 [Note] F:\ScrumOverlords\UwAmp\bin\database\mysql-5.7.11\bin\mysqld.exe: Shutdown complete

2023-04-14T18:48:30.336191Z 0 [Warning] TIMESTAMP with implicit DEFAULT value is deprecated. Please use --explicit_defaults_for_timestamp server option (see documentation for more details).
2023-04-14T18:48:30.336191Z 0 [Warning] 'NO_ZERO_DATE', 'NO_ZERO_IN_DATE' and 'ERROR_FOR_DIVISION_BY_ZERO' sql modes should be used with strict mode. They will be merged with strict mode in a future release.
2023-04-14T18:48:30.336191Z 0 [Warning] 'NO_AUTO_CREATE_USER' sql mode was not set.
2023-04-14T18:48:30.336191Z 0 [Warning] Insecure configuration for --secure-file-priv: Current value does not restrict location of generated files. Consider setting it to a valid, non-empty path.
2023-04-14T18:48:30.336191Z 0 [Note] F:\ScrumOverlords\UwAmp\bin\database\mysql-5.7.11\bin\mysqld.exe (mysqld 5.7.11) starting as process 16220 ...
2023-04-14T18:48:30.351846Z 0 [ERROR] Can't open shared library 'F:\ScrumOverlords\UwAmp\bin\database\mysql-5.7.11\lib\plugin\keyring_file.dll' (errno: 126 Le module spécifié est introuvable.)
2023-04-14T18:48:30.351846Z 0 [ERROR] Couldn't load plugin named 'keyring_file' with soname 'keyring_file.dll'.
2023-04-14T18:48:30.351846Z 0 [Note] InnoDB: Mutexes and rw_locks use Windows interlocked functions
2023-04-14T18:48:30.351846Z 0 [Note] InnoDB: Uses event mutexes
2023-04-14T18:48:30.351846Z 0 [Note] InnoDB: Memory barrier is not used
2023-04-14T18:48:30.351846Z 0 [Note] InnoDB: Compressed tables use zlib 1.2.3
2023-04-14T18:48:30.351846Z 0 [Note] InnoDB: Number of pools: 1
2023-04-14T18:48:30.351846Z 0 [Note] InnoDB: Not using CPU crc32 instructions
2023-04-14T18:48:30.402973Z 0 [Note] InnoDB: Initializing buffer pool, total size = 128M, instances = 1, chunk size = 128M
2023-04-14T18:48:30.402973Z 0 [Note] InnoDB: Completed initialization of buffer pool
2023-04-14T18:48:30.448599Z 0 [Note] InnoDB: Highest supported file format is Barracuda.
2023-04-14T18:48:30.519575Z 0 [Note] InnoDB: Creating shared tablespace for temporary tables
2023-04-14T18:48:30.519575Z 0 [Note] InnoDB: Setting file '.\ibtmp1' size to 12 MB. Physically writing the file full; Please wait ...
2023-04-14T18:48:30.542111Z 0 [Note] InnoDB: File '.\ibtmp1' size is now 12 MB.
2023-04-14T18:48:30.551072Z 0 [Note] InnoDB: 96 redo rollback segment(s) found. 96 redo rollback segment(s) are active.
2023-04-14T18:48:30.552050Z 0 [Note] InnoDB: 32 non-redo rollback segment(s) are active.
2023-04-14T18:48:30.554043Z 0 [Note] InnoDB: 5.7.11 started; log sequence number 2603169
2023-04-14T18:48:30.555041Z 0 [Note] InnoDB: Loading buffer pool(s) from F:\ScrumOverlords\UwAmp\bin\database\mysql-5.7.11\data\ib_buffer_pool
2023-04-14T18:48:30.555041Z 0 [Note] Plugin 'FEDERATED' is disabled.
2023-04-14T18:48:30.561026Z 0 [Warning] Failed to set up SSL because of the following SSL library error: SSL context is not usable without certificate and private key
2023-04-14T18:48:30.565049Z 0 [Note] Server hostname (bind-address): '*'; port: 3306
2023-04-14T18:48:30.566046Z 0 [Note] IPv6 is available.
2023-04-14T18:48:30.566046Z 0 [Note]   - '::' resolves to '::';
2023-04-14T18:48:30.567009Z 0 [Note] Server socket created on IP: '::'.
2023-04-14T18:48:30.579004Z 0 [Note] InnoDB: Buffer pool(s) load completed at 230414 14:48:30
2023-04-14T18:48:30.600135Z 0 [Note] Event Scheduler: Loaded 0 events
2023-04-14T18:48:30.600135Z 0 [Note] F:\ScrumOverlords\UwAmp\bin\database\mysql-5.7.11\bin\mysqld.exe: ready for connections.
Version: '5.7.11'  socket: ''  port: 3306  MySQL Community Server (GPL)
2023-04-14T18:50:09.456574Z 0 [Note] F:\ScrumOverlords\UwAmp\bin\database\mysql-5.7.11\bin\mysqld.exe: Normal shutdown

2023-04-14T18:50:09.456574Z 0 [Note] Giving 0 client threads a chance to die gracefully
2023-04-14T18:50:09.456574Z 0 [Note] Shutting down slave threads
2023-04-14T18:50:09.456574Z 0 [Note] Forcefully disconnecting 0 remaining clients
2023-04-14T18:50:09.456574Z 0 [Note] Event Scheduler: Purging the queue. 0 events
2023-04-14T18:50:09.456574Z 0 [Note] Binlog end
2023-04-14T18:50:09.464608Z 0 [Note] Shutting down plugin 'ngram'
2023-04-14T18:50:09.464608Z 0 [Note] Shutting down plugin 'partition'
2023-04-14T18:50:09.464608Z 0 [Note] Shutting down plugin 'BLACKHOLE'
2023-04-14T18:50:09.464608Z 0 [Note] Shutting down plugin 'ARCHIVE'
2023-04-14T18:50:09.464608Z 0 [Note] Shutting down plugin 'PERFORMANCE_SCHEMA'
2023-04-14T18:50:09.464608Z 0 [Note] Shutting down plugin 'MRG_MYISAM'
2023-04-14T18:50:09.464608Z 0 [Note] Shutting down plugin 'MyISAM'
2023-04-14T18:50:09.464608Z 0 [Note] Shutting down plugin 'INNODB_SYS_VIRTUAL'
2023-04-14T18:50:09.464608Z 0 [Note] Shutting down plugin 'INNODB_SYS_DATAFILES'
2023-04-14T18:50:09.464608Z 0 [Note] Shutting down plugin 'INNODB_SYS_TABLESPACES'
2023-04-14T18:50:09.464608Z 0 [Note] Shutting down plugin 'INNODB_SYS_FOREIGN_COLS'
2023-04-14T18:50:09.464608Z 0 [Note] Shutting down plugin 'INNODB_SYS_FOREIGN'
2023-04-14T18:50:09.464608Z 0 [Note] Shutting down plugin 'INNODB_SYS_FIELDS'
2023-04-14T18:50:09.464608Z 0 [Note] Shutting down plugin 'INNODB_SYS_COLUMNS'
2023-04-14T18:50:09.464608Z 0 [Note] Shutting down plugin 'INNODB_SYS_INDEXES'
2023-04-14T18:50:09.464608Z 0 [Note] Shutting down plugin 'INNODB_SYS_TABLESTATS'
2023-04-14T18:50:09.464608Z 0 [Note] Shutting down plugin 'INNODB_SYS_TABLES'
2023-04-14T18:50:09.474648Z 0 [Note] Shutting down plugin 'INNODB_FT_INDEX_TABLE'
2023-04-14T18:50:09.474648Z 0 [Note] Shutting down plugin 'INNODB_FT_INDEX_CACHE'
2023-04-14T18:50:09.474648Z 0 [Note] Shutting down plugin 'INNODB_FT_CONFIG'
2023-04-14T18:50:09.474648Z 0 [Note] Shutting down plugin 'INNODB_FT_BEING_DELETED'
2023-04-14T18:50:09.474648Z 0 [Note] Shutting down plugin 'INNODB_FT_DELETED'
2023-04-14T18:50:09.474648Z 0 [Note] Shutting down plugin 'INNODB_FT_DEFAULT_STOPWORD'
2023-04-14T18:50:09.474648Z 0 [Note] Shutting down plugin 'INNODB_METRICS'
2023-04-14T18:50:09.474648Z 0 [Note] Shutting down plugin 'INNODB_TEMP_TABLE_INFO'
2023-04-14T18:50:09.474648Z 0 [Note] Shutting down plugin 'INNODB_BUFFER_POOL_STATS'
2023-04-14T18:50:09.474648Z 0 [Note] Shutting down plugin 'INNODB_BUFFER_PAGE_LRU'
2023-04-14T18:50:09.474648Z 0 [Note] Shutting down plugin 'INNODB_BUFFER_PAGE'
2023-04-14T18:50:09.474648Z 0 [Note] Shutting down plugin 'INNODB_CMP_PER_INDEX_RESET'
2023-04-14T18:50:09.474648Z 0 [Note] Shutting down plugin 'INNODB_CMP_PER_INDEX'
2023-04-14T18:50:09.474648Z 0 [Note] Shutting down plugin 'INNODB_CMPMEM_RESET'
2023-04-14T18:50:09.474648Z 0 [Note] Shutting down plugin 'INNODB_CMPMEM'
2023-04-14T18:50:09.474648Z 0 [Note] Shutting down plugin 'INNODB_CMP_RESET'
2023-04-14T18:50:09.474648Z 0 [Note] Shutting down plugin 'INNODB_CMP'
2023-04-14T18:50:09.474648Z 0 [Note] Shutting down plugin 'INNODB_LOCK_WAITS'
2023-04-14T18:50:09.474648Z 0 [Note] Shutting down plugin 'INNODB_LOCKS'
2023-04-14T18:50:09.474648Z 0 [Note] Shutting down plugin 'INNODB_TRX'
2023-04-14T18:50:09.474648Z 0 [Note] Shutting down plugin 'InnoDB'
2023-04-14T18:50:09.474648Z 0 [Note] InnoDB: FTS optimize thread exiting.
2023-04-14T18:50:09.474648Z 0 [Note] InnoDB: Starting shutdown...
2023-04-14T18:50:09.590579Z 0 [Note] InnoDB: Dumping buffer pool(s) to F:\ScrumOverlords\UwAmp\bin\database\mysql-5.7.11\data\ib_buffer_pool
2023-04-14T18:50:09.590579Z 0 [Note] InnoDB: Buffer pool(s) dump completed at 230414 14:50:09
2023-04-14T18:50:10.722979Z 0 [Note] InnoDB: Shutdown completed; log sequence number 2603197
2023-04-14T18:50:10.727987Z 0 [Note] InnoDB: Removed temporary tablespace data file: "ibtmp1"
2023-04-14T18:50:10.727987Z 0 [Note] Shutting down plugin 'MEMORY'
2023-04-14T18:50:10.728987Z 0 [Note] Shutting down plugin 'CSV'
2023-04-14T18:50:10.728987Z 0 [Note] Shutting down plugin 'sha256_password'
2023-04-14T18:50:10.729983Z 0 [Note] Shutting down plugin 'mysql_native_password'
2023-04-14T18:50:10.730981Z 0 [Note] Shutting down plugin 'binlog'
2023-04-14T18:50:10.731941Z 0 [Note] F:\ScrumOverlords\UwAmp\bin\database\mysql-5.7.11\bin\mysqld.exe: Shutdown complete

